[debug] [2022-10-26T17:08:53.289Z] ----------------------------------------------------------------------
[debug] [2022-10-26T17:08:53.295Z] Command:       /usr/bin/node /usr/bin/firebase init
[debug] [2022-10-26T17:08:53.298Z] CLI Version:   11.8.0
[debug] [2022-10-26T17:08:53.299Z] Platform:      linux
[debug] [2022-10-26T17:08:53.299Z] Node Version:  v16.15.0
[debug] [2022-10-26T17:08:53.640Z] Time:          Wed Oct 26 2022 20:08:53 GMT+0300 (East Africa Time)
[debug] [2022-10-26T17:08:53.640Z] ----------------------------------------------------------------------
[debug] 
[debug] [2022-10-26T17:08:53.691Z] >>> [apiv2][query] GET https://firebase-public.firebaseio.com/cli.json [none]
[debug] [2022-10-26T17:08:53.746Z] > command requires scopes: ["email","openid","https://www.googleapis.com/auth/cloudplatformprojects.readonly","https://www.googleapis.com/auth/firebase","https://www.googleapis.com/auth/cloud-platform"]
[debug] [2022-10-26T17:08:53.747Z] > authorizing via signed-in user (otwomadennis365@gmail.com)
[info] 
     ######## #### ########  ######## ########     ###     ######  ########
     ##        ##  ##     ## ##       ##     ##  ##   ##  ##       ##
     ######    ##  ########  ######   ########  #########  ######  ######
     ##        ##  ##    ##  ##       ##     ## ##     ##       ## ##
     ##       #### ##     ## ######## ########  ##     ##  ######  ########

You're about to initialize a Firebase project in this directory:

  /home/zaph/Documents/the 8/zaphres

[debug] [2022-10-26T17:08:54.520Z] <<< [apiv2][status] GET https://firebase-public.firebaseio.com/cli.json 200
[debug] [2022-10-26T17:08:54.521Z] <<< [apiv2][body] GET https://firebase-public.firebaseio.com/cli.json {"cloudBuildErrorAfter":1594252800000,"cloudBuildWarnAfter":1590019200000,"defaultNode10After":1594252800000,"minVersion":"3.0.5","node8DeploysDisabledAfter":1613390400000,"node8RuntimeDisabledAfter":1615809600000,"node8WarnAfter":1600128000000}
[info] 
=== Project Setup
[info] 
[info] First, let's associate this project directory with a Firebase project.
[info] You can create multiple project aliases by running firebase use --add, 
[info] but for now we'll just set up a default project.
[info] 
[debug] [2022-10-26T17:09:22.098Z] > refreshing access token with scopes: []
[debug] [2022-10-26T17:09:22.101Z] >>> [apiv2][query] POST https://www.googleapis.com/oauth2/v3/token [none]
[debug] [2022-10-26T17:09:22.101Z] >>> [apiv2][body] POST https://www.googleapis.com/oauth2/v3/token [omitted]
[debug] [2022-10-26T17:09:22.588Z] <<< [apiv2][status] POST https://www.googleapis.com/oauth2/v3/token 200
[debug] [2022-10-26T17:09:22.588Z] <<< [apiv2][body] POST https://www.googleapis.com/oauth2/v3/token [omitted]
[debug] [2022-10-26T17:09:22.753Z] >>> [apiv2][query] GET https://firebase.googleapis.com/v1beta1/projects pageSize=100
[debug] [2022-10-26T17:09:23.615Z] <<< [apiv2][status] GET https://firebase.googleapis.com/v1beta1/projects 200
[debug] [2022-10-26T17:09:23.615Z] <<< [apiv2][body] GET https://firebase.googleapis.com/v1beta1/projects [omitted]
[info] i  Using project zaphres-3d3d0 (zaphres) 
[info] 
=== Hosting Setup
[info] 
[info] Your public directory is the folder (relative to your project directory) that
[info] will contain Hosting assets to be uploaded with firebase deploy. If you
[info] have a build process for your assets, use your build's output directory.
[info] 
[debug] [2022-10-26T17:10:10.563Z] >>> [apiv2][query] GET https://www.gstatic.com/firebasejs/releases.json [none]
[debug] [2022-10-26T17:10:10.979Z] <<< [apiv2][status] GET https://www.gstatic.com/firebasejs/releases.json 200
[debug] [2022-10-26T17:10:10.980Z] <<< [apiv2][body] GET https://www.gstatic.com/firebasejs/releases.json {"current":{"version":"9.12.1","browserURL":"https://www.gstatic.com/firebasejs/9.12.1/firebase.js","packageURL":"https://www.gstatic.com/firebasejs/9.12.1/firebase.tgz"},"live":{"version":"9.12","browserURL":"https://www.gstatic.com/firebasejs/live/9.12/firebase.js","packageURL":"https://www.gstatic.com/firebasejs/live/9.12/firebase.tgz"},"components":{"analytics":"https://www.gstatic.com/firebasejs/9.12.1/firebase-analytics.js","app":"https://www.gstatic.com/firebasejs/9.12.1/firebase-app.js","app-check":"https://www.gstatic.com/firebasejs/9.12.1/firebase-app-check.js","auth":"https://www.gstatic.com/firebasejs/9.12.1/firebase-auth.js","auth/cordova":"https://www.gstatic.com/firebasejs/9.12.1/firebase-auth/cordova.js","auth/react-native":"https://www.gstatic.com/firebasejs/9.12.1/firebase-auth/react-native.js","functions":"https://www.gstatic.com/firebasejs/9.12.1/firebase-functions.js","firestore":"https://www.gstatic.com/firebasejs/9.12.1/firebase-firestore.js","firestore/lite":"https://www.gstatic.com/firebasejs/9.12.1/firebase-firestore/lite.js","installations":"https://www.gstatic.com/firebasejs/9.12.1/firebase-installations.js","storage":"https://www.gstatic.com/firebasejs/9.12.1/firebase-storage.js","performance":"https://www.gstatic.com/firebasejs/9.12.1/firebase-performance.js","remote-config":"https://www.gstatic.com/firebasejs/9.12.1/firebase-remote-config.js","messaging":"https://www.gstatic.com/firebasejs/9.12.1/firebase-messaging.js","messaging/sw":"https://www.gstatic.com/firebasejs/9.12.1/firebase-messaging/sw.js","database":"https://www.gstatic.com/firebasejs/9.12.1/firebase-database.js","firestore.memory":"https://www.gstatic.com/firebasejs/9.12.1/firebase-firestore.memory.js"}}
[info] ✔  Wrote public/index.html 
[info] 
[info] i  Didn't detect a .git folder. Assuming /home/zaph/Documents/the 8/zaphres is the project root. 
[info] i  Authorizing with GitHub to upload your service account to a GitHub repository's secrets store. 
[info] 
[info] Visit this URL on this device to log in:
[info] https://github.com/login/oauth/authorize?client_id=89cf50f02ac6aaed3484&state=1056313674&redirect_uri=http%3A%2F%2Flocalhost%3A9005&scope=read%3Auser%20repo%20public_repo
[info] 
[info] Waiting for authentication...
[debug] [2022-10-26T17:10:12.370Z] >>> [apiv2][query] POST https://github.com/login/oauth/access_token [none]
[debug] [2022-10-26T17:10:12.371Z] >>> [apiv2][body] POST https://github.com/login/oauth/access_token [stream]
[debug] [2022-10-26T17:10:13.587Z] <<< [apiv2][status] POST https://github.com/login/oauth/access_token 200
[debug] [2022-10-26T17:10:13.587Z] <<< [apiv2][body] POST https://github.com/login/oauth/access_token {"access_token":"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","token_type":"bearer","scope":"read:user,repo"}
[debug] [2022-10-26T17:10:13.611Z] >>> [apiv2][query] GET https://api.github.com/user [none]
[debug] [2022-10-26T17:10:14.712Z] <<< [apiv2][status] GET https://api.github.com/user 200
[debug] [2022-10-26T17:10:14.712Z] <<< [apiv2][body] GET https://api.github.com/user {"login":"codeme254","id":72124349,"node_id":"MDQ6VXNlcjcyMTI0MzQ5","avatar_url":"https://avatars.githubusercontent.com/u/72124349?v=4","gravatar_id":"","url":"https://api.github.com/users/codeme254","html_url":"https://github.com/codeme254","followers_url":"https://api.github.com/users/codeme254/followers","following_url":"https://api.github.com/users/codeme254/following{/other_user}","gists_url":"https://api.github.com/users/codeme254/gists{/gist_id}","starred_url":"https://api.github.com/users/codeme254/starred{/owner}{/repo}","subscriptions_url":"https://api.github.com/users/codeme254/subscriptions","organizations_url":"https://api.github.com/users/codeme254/orgs","repos_url":"https://api.github.com/users/codeme254/repos","events_url":"https://api.github.com/users/codeme254/events{/privacy}","received_events_url":"https://api.github.com/users/codeme254/received_events","type":"User","site_admin":false,"name":"Dennis Otwoma","company":null,"blog":"","location":null,"email":null,"hireable":true,"bio":"Frontend web developer with HTML, CSS, JAVASCRIPT, REACT, SASS and MATERIAL UI","twitter_username":null,"public_repos":117,"public_gists":0,"followers":38,"following":30,"created_at":"2020-09-30T06:46:39Z","updated_at":"2022-10-24T15:48:40Z","private_gists":0,"total_private_repos":2,"owned_private_repos":2,"disk_usage":263128,"collaborators":1,"two_factor_authentication":true,"plan":{"name":"pro","space":976562499,"collaborators":0,"private_repos":9999}}
[info] 
[info] ✔  Success! Logged into GitHub as codeme254 
[info] 
